[10:40:20] AUTONOMOUS ORCHESTRATOR STARTED
[10:40:20] Monitoring C:\Users\eami\.openclaw\workspace\TASKS.md
[10:40:20] Starting main loop...
[10:40:20] NEW TASK: Research wedding vendor SEO keywords for Amsterdam... -> seo-specialist
[10:40:20] NEW TASK: Build React Native component for vendor profile ca... -> frontend-dev
[10:40:20] NEW TASK: Scrape trouwlocaties from theperfectwedding.nl - f... -> scraper-agent
[10:40:20] NEW TASK: Write blog post: "Top 10 Trouwlocaties in Amsterda... -> content-writer
[10:40:20] NEW TASK: Design wireframes for vendor booking flow... -> ux-designer
[10:40:20] NEW TASK: Set up Supabase table for vendor reviews... -> backend-dev
[10:40:20] NEW TASK: Create outreach email template for photographers... -> lead-generator
[10:40:20] NEW TASK: Optimize Netlify build pipeline for faster deploys... -> devops-engineer
[10:40:20] SPAWNING seo-specialist for task ea851d7f
[10:40:20]   Task written to C:\Users\eami\.openclaw\agents\seo-specialist\current_task.txt
[10:40:20] SPAWNING frontend-dev for task 773274f4
[10:40:20]   Task written to C:\Users\eami\.openclaw\agents\frontend-dev\current_task.txt
[10:40:20] SPAWNING scraper-agent for task abf7d6bf
[10:40:20]   Task written to C:\Users\eami\.openclaw\agents\scraper-agent\current_task.txt
[10:40:20] SPAWNING content-writer for task 63842a10
[10:40:20]   Task written to C:\Users\eami\.openclaw\agents\content-writer\current_task.txt
[10:40:20] SPAWNING ux-designer for task c01128ed
[10:40:20]   Task written to C:\Users\eami\.openclaw\agents\ux-designer\current_task.txt
[10:40:20] SPAWNING backend-dev for task d6ac366b
[10:40:20]   Task written to C:\Users\eami\.openclaw\agents\backend-dev\current_task.txt
[10:40:20] SPAWNING lead-generator for task 8a835940
[10:40:20]   Task written to C:\Users\eami\.openclaw\agents\lead-generator\current_task.txt
[10:40:20] SPAWNING devops-engineer for task 3674aaa7
[10:40:20]   Task written to C:\Users\eami\.openclaw\agents\devops-engineer\current_task.txt
[10:40:20] Loop complete. 8 new, 0 pending.
[10:40:50] Loop complete. 0 new, 0 pending.
[10:41:20] Loop complete. 0 new, 0 pending.
[10:41:50] Loop complete. 0 new, 0 pending.
[10:42:20] Loop complete. 0 new, 0 pending.
[10:42:50] Loop complete. 0 new, 0 pending.
[10:43:20] Loop complete. 0 new, 0 pending.
[10:43:50] Loop complete. 0 new, 0 pending.
[10:44:20] Loop complete. 0 new, 0 pending.
[10:44:50] Loop complete. 0 new, 0 pending.
[10:45:20] Loop complete. 0 new, 0 pending.
[10:45:50] Loop complete. 0 new, 0 pending.
[10:46:20] Loop complete. 0 new, 0 pending.
[10:46:50] Loop complete. 0 new, 0 pending.
[10:47:20] Loop complete. 0 new, 0 pending.
[10:47:50] Loop complete. 0 new, 0 pending.
[10:48:20] Loop complete. 0 new, 0 pending.
[10:48:50] Loop complete. 0 new, 0 pending.
[10:49:20] Loop complete. 0 new, 0 pending.
[10:49:50] Loop complete. 0 new, 0 pending.
[10:50:20] Loop complete. 0 new, 0 pending.
[10:50:50] Loop complete. 0 new, 0 pending.
[10:51:20] Loop complete. 0 new, 0 pending.
[10:51:50] Loop complete. 0 new, 0 pending.
[10:52:20] Loop complete. 0 new, 0 pending.
[10:52:50] Loop complete. 0 new, 0 pending.
[10:53:20] Loop complete. 0 new, 0 pending.
[10:53:50] Loop complete. 0 new, 0 pending.
[10:54:20] Loop complete. 0 new, 0 pending.
[10:54:50] Loop complete. 0 new, 0 pending.
[10:55:20] Loop complete. 0 new, 0 pending.
[10:55:50] Loop complete. 0 new, 0 pending.
[10:56:20] Loop complete. 0 new, 0 pending.
[10:56:50] Loop complete. 0 new, 0 pending.
[10:57:20] Loop complete. 0 new, 0 pending.
[10:57:50] Loop complete. 0 new, 0 pending.
[10:58:20] Loop complete. 0 new, 0 pending.
[10:58:50] Loop complete. 0 new, 0 pending.
[10:59:20] Loop complete. 0 new, 0 pending.
[10:59:50] Loop complete. 0 new, 0 pending.
[11:00:20] Loop complete. 0 new, 0 pending.
[11:00:50] Loop complete. 0 new, 0 pending.
[11:01:20] Loop complete. 0 new, 0 pending.
[11:01:50] Loop complete. 0 new, 0 pending.
[11:02:20] Loop complete. 0 new, 0 pending.
[11:02:50] Loop complete. 0 new, 0 pending.
[11:03:20] Loop complete. 0 new, 0 pending.
[11:03:50] Loop complete. 0 new, 0 pending.
[11:04:21] Loop complete. 0 new, 0 pending.
[11:04:51] Loop complete. 0 new, 0 pending.
[11:05:21] Loop complete. 0 new, 0 pending.
[11:05:51] Loop complete. 0 new, 0 pending.
[11:06:21] Loop complete. 0 new, 0 pending.
[11:06:51] Loop complete. 0 new, 0 pending.
[11:07:21] Loop complete. 0 new, 0 pending.
[11:07:51] Loop complete. 0 new, 0 pending.
[11:08:21] Loop complete. 0 new, 0 pending.
[11:08:51] Loop complete. 0 new, 0 pending.
[11:09:21] Loop complete. 0 new, 0 pending.
[11:09:51] Loop complete. 0 new, 0 pending.
[12:02:38] AUTONOMOUS ORCHESTRATOR STARTED
[12:02:38] Monitoring C:\Users\eami\.openclaw\workspace\TASKS.md
[12:02:38] Starting main loop...
[12:02:38] Loop complete. 0 new, 0 pending.
[12:03:08] Loop complete. 0 new, 0 pending.
[12:03:38] Loop complete. 0 new, 0 pending.
[12:04:08] Loop complete. 0 new, 0 pending.
