[2026-02-13T09:06:20.517951] Orchestrator initialized
[2026-02-13T09:06:20.518519] ============================================================
[2026-02-13T09:06:20.518905] Orchestrator started
[2026-02-13T09:06:20.519176] ============================================================
[2026-02-13T09:06:20.519675] Loaded 0 tasks from queue
[2026-02-13T09:06:20.520188] TASKS.md changed, parsing...
[2026-02-13T09:06:20.520979] New task added: f5970fa53bef (research)
[2026-02-13T09:06:20.521335] New task added: e198092ed4eb (code)
[2026-02-13T09:06:20.521620] New task added: 83d5bb3a21cf (scrape)
[2026-02-13T09:06:20.522134] New task added: c56ed5a96e46 (research)
[2026-02-13T09:06:20.523803] Spawning agent for task f5970fa53bef (research)
[2026-02-13T09:06:20.532627] Spawning agent for task e198092ed4eb (code)
[2026-02-13T09:06:20.543260] Failed to spawn agent for task 83d5bb3a21cf: No agent configuration found for type: scrape
[2026-02-13T09:06:20.545562] Spawning agent for task c56ed5a96e46 (research)
[2026-02-13T09:06:20.555087] Status: {'pending': 0, 'assigned': 0, 'running': 3, 'completed': 0, 'failed': 1, 'retrying': 0, 'total': 4}
[2026-02-13T09:06:25.557089] Task f5970fa53bef completed: completed
[2026-02-13T09:06:25.558403] Task e198092ed4eb completed: completed
[2026-02-13T09:06:25.559423] Task c56ed5a96e46 completed: completed
[2026-02-13T09:06:50.565495] Status: {'pending': 0, 'assigned': 0, 'running': 0, 'completed': 3, 'failed': 1, 'retrying': 0, 'total': 4}
[2026-02-13T09:07:20.574713] Status: {'pending': 0, 'assigned': 0, 'running': 0, 'completed': 3, 'failed': 1, 'retrying': 0, 'total': 4}
[2026-02-13T09:07:20.575601] No pending tasks, shutting down
[2026-02-13T09:07:20.576062] Shutting down, cleaning up active agents...
[2026-02-13T09:07:20.576449] Orchestrator stopped
